<?xml version="1.0" encoding="UTF-8" ?>
<testsuites>
  <testsuite errors="0" failures="0" hostname="saloni-TravelMate-P257-M" id="0" name="DocumentResourceSpec" package="com.ttnd.linksharing" skipped="0" tests="1" time="0.205" timestamp="2016-02-16T09:47:49">
      <properties />

      <testcase classname="com.ttnd.linksharing.DocumentResourceSpec" name="test document resource validations" time="0.193" />

      <system-out><![CDATA[--Output from test document resource validations--
]]></system-out>

      <system-err><![CDATA[--Output from test document resource validations--
]]></system-err>

  </testsuite>
  <testsuite errors="0" failures="0" hostname="saloni-TravelMate-P257-M" id="1" name="LinkResourceSpec" package="com.ttnd.linksharing" skipped="0" tests="1" time="0.111" timestamp="2016-02-16T09:47:50">
      <properties />

      <testcase classname="com.ttnd.linksharing.LinkResourceSpec" name="test link resource validations" time="0.101" />

      <system-out><![CDATA[--Output from test link resource validations--
]]></system-out>

      <system-err><![CDATA[--Output from test link resource validations--
]]></system-err>

  </testsuite>
  <testsuite errors="0" failures="0" hostname="saloni-TravelMate-P257-M" id="2" name="ReadingItemSpec" package="com.ttnd.linksharing" skipped="0" tests="1" time="0.169" timestamp="2016-02-16T09:47:49">
      <properties />

      <testcase classname="com.ttnd.linksharing.ReadingItemSpec" name="test reading item" time="0.159" />

      <system-out><![CDATA[--Output from test reading item--
]]></system-out>

      <system-err><![CDATA[--Output from test reading item--
]]></system-err>

  </testsuite>
  <testsuite errors="0" failures="0" hostname="saloni-TravelMate-P257-M" id="3" name="ResourceRatingSpec" package="com.ttnd.linksharing" skipped="0" tests="1" time="0.183" timestamp="2016-02-16T09:47:50">
      <properties />

      <testcase classname="com.ttnd.linksharing.ResourceRatingSpec" name="test resource rating" time="0.175" />

      <system-out><![CDATA[--Output from test resource rating--
]]></system-out>

      <system-err><![CDATA[--Output from test resource rating--
]]></system-err>

  </testsuite>
  <testsuite errors="0" failures="0" hostname="saloni-TravelMate-P257-M" id="4" name="SubscriptionSpec" package="com.ttnd.linksharing" skipped="0" tests="1" time="0.13" timestamp="2016-02-16T09:47:50">
      <properties />

      <testcase classname="com.ttnd.linksharing.SubscriptionSpec" name="test subscription" time="0.121" />

      <system-out><![CDATA[--Output from test subscription--
]]></system-out>

      <system-err><![CDATA[--Output from test subscription--
]]></system-err>

  </testsuite>
  <testsuite errors="0" failures="0" hostname="saloni-TravelMate-P257-M" id="5" name="TopicSpec" package="com.ttnd.linksharing" skipped="0" tests="1" time="3.315" timestamp="2016-02-16T09:47:46">
      <properties />

      <testcase classname="com.ttnd.linksharing.TopicSpec" name="test all topic validations" time="3.258" />

      <system-out><![CDATA[--Output from test all topic validations--
]]></system-out>

      <system-err><![CDATA[--Output from test all topic validations--
]]></system-err>

  </testsuite>
  <testsuite errors="0" failures="0" hostname="saloni-TravelMate-P257-M" id="6" name="UserSpec" package="com.ttnd.linksharing" skipped="0" tests="19" time="0.56" timestamp="2016-02-16T09:47:50">
      <properties />

      <testcase classname="com.ttnd.linksharing.UserSpec" name="Executing 1" time="0.137" />

      <testcase classname="com.ttnd.linksharing.UserSpec" name="Executing 2" time="0.017" />

      <testcase classname="com.ttnd.linksharing.UserSpec" name="Executing 3" time="0.018" />

      <testcase classname="com.ttnd.linksharing.UserSpec" name="Executing 4" time="0.015" />

      <testcase classname="com.ttnd.linksharing.UserSpec" name="Executing 5" time="0.018" />

      <testcase classname="com.ttnd.linksharing.UserSpec" name="Executing 6" time="0.015" />

      <testcase classname="com.ttnd.linksharing.UserSpec" name="Executing 7" time="0.019" />

      <testcase classname="com.ttnd.linksharing.UserSpec" name="Executing 8" time="0.021" />

      <testcase classname="com.ttnd.linksharing.UserSpec" name="Executing 9" time="0.017" />

      <testcase classname="com.ttnd.linksharing.UserSpec" name="Executing 10" time="0.019" />

      <testcase classname="com.ttnd.linksharing.UserSpec" name="Executing 11" time="0.014" />

      <testcase classname="com.ttnd.linksharing.UserSpec" name="Executing 12" time="0.022" />

      <testcase classname="com.ttnd.linksharing.UserSpec" name="email id of user should be unique" time="0.102" />

      <testcase classname="com.ttnd.linksharing.UserSpec" name="get user full name[0]" time="0.022" />

      <testcase classname="com.ttnd.linksharing.UserSpec" name="get user full name[1]" time="0.018" />

      <testcase classname="com.ttnd.linksharing.UserSpec" name="get user full name[2]" time="0.013" />

      <testcase classname="com.ttnd.linksharing.UserSpec" name="get user full name[3]" time="0.017" />

      <testcase classname="com.ttnd.linksharing.UserSpec" name="get user full name[4]" time="0.011" />

      <testcase classname="com.ttnd.linksharing.UserSpec" name="get user full name[5]" time="0.034" />

      <system-out><![CDATA[--Output from Executing 1--
--Output from Executing 2--
--Output from Executing 3--
--Output from Executing 4--
--Output from Executing 5--
--Output from Executing 6--
--Output from Executing 7--
--Output from Executing 8--
--Output from Executing 9--
--Output from Executing 10--
--Output from Executing 11--
--Output from Executing 12--
--Output from email id of user should be unique--
--Output from get user full name[0]--
--Output from get user full name[1]--
--Output from get user full name[2]--
--Output from get user full name[3]--
--Output from get user full name[4]--
--Output from get user full name[5]--
]]></system-out>

      <system-err><![CDATA[--Output from Executing 1--
--Output from Executing 2--
--Output from Executing 3--
--Output from Executing 4--
--Output from Executing 5--
--Output from Executing 6--
--Output from Executing 7--
--Output from Executing 8--
--Output from Executing 9--
--Output from Executing 10--
--Output from Executing 11--
--Output from Executing 12--
--Output from email id of user should be unique--
--Output from get user full name[0]--
--Output from get user full name[1]--
--Output from get user full name[2]--
--Output from get user full name[3]--
--Output from get user full name[4]--
--Output from get user full name[5]--
]]></system-err>

  </testsuite>
</testsuites>
